|finished insert between _0 and _1523249683157|finished insert between _0 and _1523250553456
|finished insert between _1523250553456 and _1523250762781
|finished insert between _1523250762781 and _1523250849569
|finished insert between _1523250849569 and _1523250859545
|finished insert between _1523250859545 and _1523250869547
|finished insert between _1523250869547 and _1523250879545
|finished insert between _1262275200000 and _1264867200000
|finished insert between _1264867200000 and _1267459200000
|finished insert between _1267459200000 and _1270051200000
|finished insert between _1270051200000 and _1272643200000
|finished insert between _1333643200000 and _1336235200000
|finished insert between _1436235200000 and _1438827200000
|finished insert between _1438827200000 and _1441419200000
|finished insert between _1441419200000 and _1444011200000
|finished insert between _1444011200000 and _1446603200000
|finished insert between _1446603200000 and _1449195200000
|finished insert between _1449195200000 and _1451787200000
|finished insert between _1451787200000 and _1454379200000
----------------------------
|finished insert between _1454379200000 and _1456971200000
|finished insert between _1456971200000 and _1459563200000
-------------------------------------
|finished insert str between 1459563200000 and 1462155200000
|finished insert items between 1462155200000 and 1464747200000
|finished insert items between 1464747200000 and 1467339200000
|finished insert items between 1467339200000 and 1469931200000
|finished insert items between 1469931200000 and 1472523200000
|finished insert items between 1472523200000 and 1475115200000
----------------------------

|finished insert data between 1475115200000 and 1477707200000
|finished insert items between 1475115200000 and 1477707200000
|finished insert data between 1477707200000 and 1480299200000
|finished insert items between 1477707200000 and 1480299200000
|finished insert data between 1480299200000 and 1482891200000
|finished insert items between 1480299200000 and 1482891200000
|finished insert data between 1514736000000 and 1517328000000
|finished insert items between 1514736000000 and 1517328000000
|finished insert data between 1517328000000 and 1519920000000
|finished insert items between 1517328000000 and 1519920000000
|finished insert data between 1519920000000 and 1522512000000
|finished insert items between 1519920000000 and 1522512000000
|finished insert data between 1522512000000 and 1523331479409
|finished insert items between 1522512000000 and 1523331479409
|finished insert data between 1523331479409 and 1523331779410
|finished insert items between 1523331479409 and 1523331779410
|finished insert data between 1523331779410 and 1523332079410
|finished insert items between 1523331779410 and 1523332079410
|finished insert data between 1523332079410 and 1523332379413
|finished insert items between 1523332079410 and 1523332379413
|finished insert data between 1523332379413 and 1523332574521
|finished insert items between 1523332379413 and 1523332574521
|finished insert data between 1523332574521 and 1523332874498
|finished insert items between 1523332574521 and 1523332874498
----------------------------------------------------------------------------------

|finished insert 0 data between 1523332874498 and 1523334305171
|finished insert 232 items between 1523332874498 and 1523334305171
|finished insert 0 data between 1523334305171 and 1523334605147
|finished insert 232 items between 1523334305171 and 1523334605147
|finished insert 0 data between 1523334605147 and 1523334905146
|finished insert 232 items between 1523334605147 and 1523334905146
|finished insert 0 data between 1523334905146 and 1523336062907
|finished insert 232 items between 1523334905146 and 1523336062907
|finished insert 0 data between 1523336062907 and 1523336362888
|finished insert 232 items between 1523336062907 and 1523336362888
|finished insert 0 data between 1523336362888 and 1523337597219
|finished insert 232 items between 1523336362888 and 1523337597219
|finished insert 0 data between 1523337597219 and 1523337897172
|finished insert 232 items between 1523337597219 and 1523337897172
|finished insert 0 data between 1523337897172 and 1523338197171
|finished insert 232 items between 1523337897172 and 1523338197171
|finished insert 0 data between 1523338197171 and 1523338497171
|finished insert 232 items between 1523338197171 and 1523338497171
|finished insert 0 data between 1523338497171 and 1523338797179
|finished insert 232 items between 1523338497171 and 1523338797179
|finished insert 0 data between 1523338797179 and 1523339097171
|finished insert 232 items between 1523338797179 and 1523339097171
|finished insert 0 data between 1523339097171 and 1523339222013
|finished insert 232 items at 201804101347
|finished insert 0 data between 1500000000000 and 1502592000000
|finished insert 232 items at 201804101357
|finished insert 0 data between 1502592000000 and 1505184000000
|finished insert 232 items at 201804101402
|finished insert 0 data between 1505184000000 and 1507776000000
|finished insert 232 items at 201804101407
|finished insert 0 data between 1507776000000 and 1510368000000
|finished insert 232 items at 201804101412
|finished insert 0 data between 1510368000000 and 1512960000000
|finished insert 232 items at 201804101418
|finished insert 0 data between 1512960000000 and 1515552000000
|finished insert 232 items at 201804101453
|finished insert 0 data between 1515552000000 and 1518144000000
|finished insert 232 items at 201804101455
|finished insert 0 data between 1518144000000 and 1520736000000
|finished insert 232 items at 201804101457
|finished insert 5177 data between 1520736000000 and 1523328000000
|finished insert 232 items at 201804101459
|finished insert 262 data between 1523328000000 and 1523343662177
|finished insert 232 items at 201804101501
|finished insert 2 data between 1523343662177 and 1523343782173
|finished insert 232 items at 201804101503
|finished insert 2 data between 1523343782173 and 1523343902173
|finished insert 232 items at 201804101505
----------------------------------


|finished insert 0 data between 1518144000000 and 1520736000000
|finished insert 232 items at 201804101520
|finished insert 255933 data between 1520736000000 and 1523328000000
|finished insert 232 items at 201804101522
|finished insert 20358 data between 1523328000000 and 1523345040853
|finished insert 232 items at 201804101524
|finished insert 148 data between 1523345040853 and 1523345160854
|finished insert 232 items at 201804101526